<?xml version="1.0" encoding="UTF-8"?>
<testsuite name="Default test"
           tests="1"
           failures="1"
           errors="0"
           skipped="0"
           time="1.425">
  <properties />
            <testcase name="SC02_TC01_TC07_TC08_CreateNewComputer_Navigation_Cancel_test" time="1.425" classname="cdb.Tests.SC02_TC01_TC07_TC08_CreateNewComputer_Navigation_Cancel">
                <failure type="java.lang.NoClassDefFoundError"
                  message="org/dom4j/DocumentException"
              >
<![CDATA[java.lang.NoClassDefFoundError: org/dom4j/DocumentException
  org.apache.poi.openxml4j.opc.OPCPackage.init(OPCPackage.java:154)
  org.apache.poi.openxml4j.opc.OPCPackage.<init>(OPCPackage.java:141)
  org.apache.poi.openxml4j.opc.Package.<init>(Package.java:54)
  org.apache.poi.openxml4j.opc.ZipPackage.<init>(ZipPackage.java:82)
  org.apache.poi.openxml4j.opc.OPCPackage.open(OPCPackage.java:267)
  org.apache.poi.util.PackageHelper.open(PackageHelper.java:39)
  org.apache.poi.xssf.usermodel.XSSFWorkbook.<init>(XSSFWorkbook.java:204)
  cdb.pageObjects.BasePageObject.getData(BasePageObject.java:185)
  cdb.Tests.SC02_TC01_TC07_TC08_CreateNewComputer_Navigation_Cancel.SC02_TC01_TC07_TC08_CreateNewComputer_Navigation_Cancel_test(SC02_TC01_TC07_TC08_CreateNewComputer_Navigation_Cancel.java:34)
  sun.reflect.NativeMethodAccessorImpl.invoke0(Native Method)
  sun.reflect.NativeMethodAccessorImpl.invoke(Unknown Source)
  sun.reflect.DelegatingMethodAccessorImpl.invoke(Unknown Source)
  java.lang.reflect.Method.invoke(Unknown Source)
  org.testng.internal.MethodInvocationHelper.invokeMethod(MethodInvocationHelper.java:84)
  org.testng.internal.Invoker.invokeMethod(Invoker.java:714)
  org.testng.internal.Invoker.invokeTestMethod(Invoker.java:901)
  org.testng.internal.Invoker.invokeTestMethods(Invoker.java:1231)
  org.testng.internal.TestMethodWorker.invokeTestMethods(TestMethodWorker.java:127)
  org.testng.internal.TestMethodWorker.run(TestMethodWorker.java:111)
  org.testng.TestRunner.privateRun(TestRunner.java:767)
  org.testng.TestRunner.run(TestRunner.java:617)
  org.testng.SuiteRunner.runTest(SuiteRunner.java:334)
  org.testng.SuiteRunner.runSequentially(SuiteRunner.java:329)
  org.testng.SuiteRunner.privateRun(SuiteRunner.java:291)
  org.testng.SuiteRunner.run(SuiteRunner.java:240)
  org.testng.SuiteRunnerWorker.runSuite(SuiteRunnerWorker.java:52)
  org.testng.SuiteRunnerWorker.run(SuiteRunnerWorker.java:86)
  org.testng.TestNG.runSuitesSequentially(TestNG.java:1224)
  org.testng.TestNG.runSuitesLocally(TestNG.java:1149)
  org.testng.TestNG.run(TestNG.java:1057)
  org.testng.remote.AbstractRemoteTestNG.run(AbstractRemoteTestNG.java:132)
  org.testng.remote.RemoteTestNG.initAndRun(RemoteTestNG.java:236)
  org.testng.remote.RemoteTestNG.main(RemoteTestNG.java:81)
Caused by: java.lang.ClassNotFoundException: org.dom4j.DocumentException
  java.net.URLClassLoader.findClass(Unknown Source)
  java.lang.ClassLoader.loadClass(Unknown Source)
  sun.misc.Launcher$AppClassLoader.loadClass(Unknown Source)
  java.lang.ClassLoader.loadClass(Unknown Source)
  org.apache.poi.openxml4j.opc.OPCPackage.init(OPCPackage.java:154)
  org.apache.poi.openxml4j.opc.OPCPackage.<init>(OPCPackage.java:141)
  org.apache.poi.openxml4j.opc.Package.<init>(Package.java:54)
  org.apache.poi.openxml4j.opc.ZipPackage.<init>(ZipPackage.java:82)
  org.apache.poi.openxml4j.opc.OPCPackage.open(OPCPackage.java:267)
  org.apache.poi.util.PackageHelper.open(PackageHelper.java:39)
  org.apache.poi.xssf.usermodel.XSSFWorkbook.<init>(XSSFWorkbook.java:204)
  cdb.pageObjects.BasePageObject.getData(BasePageObject.java:185)
  cdb.Tests.SC02_TC01_TC07_TC08_CreateNewComputer_Navigation_Cancel.SC02_TC01_TC07_TC08_CreateNewComputer_Navigation_Cancel_test(SC02_TC01_TC07_TC08_CreateNewComputer_Navigation_Cancel.java:34)
  sun.reflect.NativeMethodAccessorImpl.invoke0(Native Method)
  sun.reflect.NativeMethodAccessorImpl.invoke(Unknown Source)
  sun.reflect.DelegatingMethodAccessorImpl.invoke(Unknown Source)
  java.lang.reflect.Method.invoke(Unknown Source)
  org.testng.internal.MethodInvocationHelper.invokeMethod(MethodInvocationHelper.java:84)
  org.testng.internal.Invoker.invokeMethod(Invoker.java:714)
  org.testng.internal.Invoker.invokeTestMethod(Invoker.java:901)
  org.testng.internal.Invoker.invokeTestMethods(Invoker.java:1231)
  org.testng.internal.TestMethodWorker.invokeTestMethods(TestMethodWorker.java:127)
  org.testng.internal.TestMethodWorker.run(TestMethodWorker.java:111)
  org.testng.TestRunner.privateRun(TestRunner.java:767)
  org.testng.TestRunner.run(TestRunner.java:617)
  org.testng.SuiteRunner.runTest(SuiteRunner.java:334)
  org.testng.SuiteRunner.runSequentially(SuiteRunner.java:329)
  org.testng.SuiteRunner.privateRun(SuiteRunner.java:291)
  org.testng.SuiteRunner.run(SuiteRunner.java:240)
  org.testng.SuiteRunnerWorker.runSuite(SuiteRunnerWorker.java:52)
  org.testng.SuiteRunnerWorker.run(SuiteRunnerWorker.java:86)
  org.testng.TestNG.runSuitesSequentially(TestNG.java:1224)
  org.testng.TestNG.runSuitesLocally(TestNG.java:1149)
  org.testng.TestNG.run(TestNG.java:1057)
  org.testng.remote.AbstractRemoteTestNG.run(AbstractRemoteTestNG.java:132)
  org.testng.remote.RemoteTestNG.initAndRun(RemoteTestNG.java:236)
  org.testng.remote.RemoteTestNG.main(RemoteTestNG.java:81)
]]>
      </failure>

          </testcase>
  
  
  
</testsuite>
